Info : The selected transport took over low-level target control. The results might differ compared to plain JTAG/SWD
adapter speed: 500 kHz
Info : clock speed 32767 kHz
Info : ICDI Firmware version: 9270
Info : tm4c123gh6pm.cpu: hardware has 6 breakpoints, 4 watchpoints
Info : accepting 'gdb' connection from pipe
undefined debug reason 7 - target needs reset
Warn : WARNING! The target is already running. All changes GDB did to registers will be discarded! Waiting for target to halt.
Info : halted: PC: 0x000036c6
Info : halted: PC: 0x000036c6
Info : halted: PC: 0x000036c8
Info : halted: PC: 0x000036ca
Info : halted: PC: 0x000036cc
Info : halted: PC: 0x000036d0
Info : halted: PC: 0x000036d2
Info : halted: PC: 0x000036d4
Info : halted: PC: 0x000036d6
Info : halted: PC: 0x000036d8
Info : halted: PC: 0x000036da
Info : halted: PC: 0x000036dc
Info : halted: PC: 0x000036e0
Info : halted: PC: 0x000036e2
Info : halted: PC: 0x000036e4
Info : halted: PC: 0x000036e6
Info : halted: PC: 0x000036e8
Info : halted: PC: 0x000036ea
Info : halted: PC: 0x000036ec
Info : halted: PC: 0x000036ee
Info : halted: PC: 0x000034fc
Info : halted: PC: 0x000036f4
Info : halted: PC: 0x000036f8
Info : halted: PC: 0x000036fc
Info : halted: PC: 0x000036fe
Info : halted: PC: 0x00003710
Info : halted: PC: 0x00003712
Info : halted: PC: 0x00003714
Info : halted: PC: 0x00003716
Info : halted: PC: 0x0000371e
Info : halted: PC: 0x00003720
Info : halted: PC: 0x00003722
Info : halted: PC: 0x00003724
Info : halted: PC: 0x00003726
Info : halted: PC: 0x00003728
Info : halted: PC: 0x00006a1c
Info : halted: PC: 0x0000373c
Info : halted: PC: 0x0000373e
Info : halted: PC: 0x00003afe
Info : halted: PC: 0x000036c6
Info : halted: PC: 0x000036c8
Info : halted: PC: 0x000036ca
Info : halted: PC: 0x000036cc
Info : halted: PC: 0x000036c6
Info : halted: PC: 0x000036c6
Info : halted: PC: 0x000036c6
Info : halted: PC: 0x000036c6
Info : halted: PC: 0x000036c6
Info : halted: PC: 0x000036c6
Info : halted: PC: 0x000036c6
Info : halted: PC: 0x000036c6
Info : halted: PC: 0x0000350a
Info : halted: PC: 0x0000350a
Info : halted: PC: 0x0000350a
Info : halted: PC: 0x0000350a
Info : halted: PC: 0x0000350a
Info : halted: PC: 0x0000350a
Info : halted: PC: 0x0000350a
Info : halted: PC: 0x0000350a
Info : halted: PC: 0x0000350a
Info : halted: PC: 0x0000350a
Info : halted: PC: 0x0000350a
Info : halted: PC: 0x0000350a
Info : halted: PC: 0x0000350a
Info : halted: PC: 0x0000350a
Info : halted: PC: 0x0000350a
Info : halted: PC: 0x0000350a
Info : halted: PC: 0x0000350c
Info : halted: PC: 0x0000350e
Info : halted: PC: 0x00003510
Info : halted: PC: 0x00003512
Info : halted: PC: 0x00003518
Info : halted: PC: 0x0000351a
Info : halted: PC: 0x0000351c
Info : halted: PC: 0x0000351e
Info : halted: PC: 0x00006e90
Info : halted: PC: 0x00003524
Info : halted: PC: 0x00003526
Info : halted: PC: 0x0000352c
Info : halted: PC: 0x0000352e
Info : halted: PC: 0x00003530
Info : halted: PC: 0x00003532
Info : halted: PC: 0x00003534
Info : halted: PC: 0x00003536
Info : halted: PC: 0x00003538
Info : halted: PC: 0x0000353e
Info : halted: PC: 0x00003540
Info : halted: PC: 0x00003542
Info : halted: PC: 0x00003544
Info : halted: PC: 0x00003546
Info : halted: PC: 0x00003548
Info : halted: PC: 0x0000354a
Info : halted: PC: 0x0000354c
Info : halted: PC: 0x0000354e
Info : halted: PC: 0x00003550
Info : halted: PC: 0x00003552
Info : halted: PC: 0x00003554
Info : halted: PC: 0x00003556
Info : halted: PC: 0x00003558
Info : halted: PC: 0x0000355a
Info : halted: PC: 0x0000355c
Info : halted: PC: 0x00003562
Info : halted: PC: 0x00003564
Info : halted: PC: 0x00003566
Info : halted: PC: 0x00003568
Info : halted: PC: 0x0000356a
Info : halted: PC: 0x0000356c
Info : halted: PC: 0x0000356e
Info : halted: PC: 0x00003570
Info : halted: PC: 0x00003572
Info : halted: PC: 0x00003574
Info : halted: PC: 0x00003576
Info : halted: PC: 0x00003578
Info : halted: PC: 0x0000357a
Info : halted: PC: 0x0000357c
Info : halted: PC: 0x0000358a
Info : halted: PC: 0x0000358c
Info : halted: PC: 0x0000358e
Info : halted: PC: 0x00003590
Info : halted: PC: 0x00003592
Info : halted: PC: 0x00003594
Info : halted: PC: 0x00003596
Info : halted: PC: 0x00003598
Info : dropped 'gdb' connection
